<?xml version="1.0" encoding="UTF-8"?>
<!-- Generated by org.testng.reporters.JUnitReportReporter -->
<testsuite hostname="LAPTOP-SAHP40V1" failures="0" tests="1" name="testCases.TC_001AccountRegisterTest" time="1.240" errors="0" timestamp="2022-09-01T09:00:16 IST" skipped="0">
  <testcase classname="testCases.TC_001AccountRegisterTest" name="test_account_Registration" time="1.240"/>
  <system-out/>
</testsuite> <!-- testCases.TC_001AccountRegisterTest -->
