<?xml version="1.0" encoding="UTF-8"?>
<!-- Generated by org.testng.reporters.JUnitReportReporter -->
<testsuite hostname="LAPTOP-SAHP40V1" failures="0" tests="4" name="testCases.TC_3_loginDataDriven_Test" time="3.375" errors="0" timestamp="2022-09-01T09:00:16 IST" skipped="0">
  <testcase classname="testCases.TC_3_loginDataDriven_Test" name="login_DDT_Test" time="0.986"/>
  <system-out/>
  <testcase classname="testCases.TC_3_loginDataDriven_Test" name="login_DDT_Test" time="0.802"/>
  <system-out/>
  <testcase classname="testCases.TC_3_loginDataDriven_Test" name="login_DDT_Test" time="0.773"/>
  <system-out/>
  <testcase classname="testCases.TC_3_loginDataDriven_Test" name="login_DDT_Test" time="0.814"/>
  <system-out/>
</testsuite> <!-- testCases.TC_3_loginDataDriven_Test -->
