<?xml version="1.0" encoding="UTF-8"?>
<!-- Generated by org.testng.reporters.JUnitReportReporter -->
<testsuite hostname="LAPTOP-SAHP40V1" failures="0" tests="1" name="testCases.Tc_5_verifyLinks" time="0.968" errors="0" timestamp="2022-09-01T09:35:18 IST" skipped="0">
  <testcase classname="testCases.Tc_5_verifyLinks" name="verify_allLinks" time="0.968"/>
  <system-out/>
</testsuite> <!-- testCases.Tc_5_verifyLinks -->
